torch: 2.7.0+cu126 build CUDA: 12.6
CUDA available: True
GPU: NVIDIA A100-SXM4-40GB
cuDNN enabled: True version: 90501
CUDNN_LIBDIR: /home/avozikis1/my_env/lib64/python3.9/site-packages/nvidia/cudnn/lib
libcudnn*: ['/home/avozikis1/my_env/lib64/python3.9/site-packages/nvidia/cudnn/lib/libcudnn_ops.so.9', '/home/avozikis1/my_env/lib64/python3.9/site-packages/nvidia/cudnn/lib/libcudnn.so.9', '/home/avozikis1/my_env/lib64/python3.9/site-packages/nvidia/cudnn/lib/libcudnn_cnn.so.9', '/home/avozikis1/my_env/lib64/python3.9/site-packages/nvidia/cudnn/lib/libcudnn_engines_precompiled.so.9', '/home/avozikis1/my_env/lib64/python3.9/site-packages/nvidia/cudnn/lib/libcudnn_heuristic.so.9', '/home/avozikis1/my_env/lib64/python3.9/site-packages/nvidia/cudnn/lib/libcudnn_engines_runtime_compiled.so.9', '/home/avozikis1/my_env/lib64/python3.9/site-packages/nvidia/cudnn/lib/libcudnn_adv.so.9', '/home/avozikis1/my_env/lib64/python3.9/site-packages/nvidia/cudnn/lib/libcudnn_graph.so.9']
[asr] transcribing: test.wav
[done] Wrote: test.srt, test.asr.json, test.txt
el 1567 segments

JOB STATISTICS
==============
Job ID: 13996027
Cluster: snellius
User/Group: avozikis1/avozikis1
State: COMPLETED (exit code 0)
Nodes: 1
Cores per node: 18
CPU Utilized: 00:17:42
CPU Efficiency: 10.81% of 02:43:48 core-walltime
Job Wall-clock time: 00:09:06
Memory Utilized: 1.53 GB
Memory Efficiency: 2.39% of 64.00 GB (64.00 GB/node)
